[251227 12:53:54][src.model.transformer.Model][WARNING]vocs in state_dict does not match current vocs. Some weights will be permuted.
[251227 12:53:54][src.model.transformer.Model][INFO]Removed from state_dict: ['#', '%', '(', ')', '+', '-', '->', '.', '/', ':', '<-', '=', '@', '@@', '@AL', '@OH', '@SP', '@TB', 'B', 'Br', 'Cl', 'I', '[', '[Ac', '[Ag', '[Al', '[Ar', '[As', '[At', '[Au', '[Ba', '[Be', '[Bi', '[Ca', '[Cd', '[Ce', '[Co', '[Cr', '[Cs', '[Cu', '[Dy', '[Er', '[Eu', '[Fe', '[Fr', '[Ga', '[Gd', '[Ge', '[H]', '[He', '[Hf', '[Hg', '[Ho', '[In', '[Ir', '[K', '[Kr', '[LIGAND]', '[La', '[Li', '[Lu', '[Mg', '[Mn', '[Mo', '[Na', '[Nb', '[Nd', '[Ne', '[Ni', '[Os', '[Pa', '[Pb', '[Pd', '[Pm', '[Po', '[Pr', '[Pt', '[Ra', '[Rb', '[Re', '[Rh', '[Rn', '[Ru', '[Sb', '[Sc', '[Se', '[Si', '[Sm', '[Sn', '[Sr', '[Ta', '[Tb', '[Tc', '[Te', '[Th', '[Ti', '[Tl', '[Tm', '[U', '[V', '[W', '[Xe', '[Y', '[Yb', '[Zn', '[Zr', '[as', '[se', '[si', '[te', '\\', ']', 'b', 'c', 'n', 'o', 'p', 's']
[251227 12:53:54][src.model.transformer.Model][INFO]New in model: []
[251227 12:53:55][root][DEBUG]batch_idxs[0]=[0]
[251227 12:53:55][unk.src.data.tokenizer.ProteinAtomTokenizer][INFO]No unknown atoms in 2425 atoms.
[251227 12:53:55][root][INFO]small batch_idxs[0]=[0]
[251227 12:53:55][root][INFO]step[0] generating...
[251227 17:38:12][root][DEBUG]step[0] parsing...
[251227 17:38:12][root][INFO]batch_errors=['COORD_NOT_FLOAT']
[251227 17:38:12][root][DEBUG]batch_idxs[1]=[0]
[251227 17:38:12][unk.src.data.tokenizer.ProteinAtomTokenizer][INFO]No unknown atoms in 2425 atoms.
[251227 17:38:12][root][INFO]small batch_idxs[1]=[0]
[251227 17:38:12][root][INFO]step[1] generating...
[251227 17:57:54][root][DEBUG]step[1] parsing...
[251227 17:57:54][root][INFO]batch_errors=['COORD_SIZE']
[251227 17:57:54][root][DEBUG]batch_idxs[2]=[0]
[251227 17:57:55][unk.src.data.tokenizer.ProteinAtomTokenizer][INFO]No unknown atoms in 2425 atoms.
[251227 17:57:55][root][INFO]small batch_idxs[2]=[0]
[251227 17:57:55][root][INFO]step[2] generating...
[251227 19:20:46][root][DEBUG]step[2] parsing...
[251227 19:20:46][root][INFO]batch_errors=['COORD_NOT_FLOAT']
[251227 19:20:46][root][DEBUG]batch_idxs[3]=[0]
[251227 19:20:47][unk.src.data.tokenizer.ProteinAtomTokenizer][INFO]No unknown atoms in 2425 atoms.
[251227 19:20:47][root][INFO]small batch_idxs[3]=[0]
[251227 19:20:47][root][INFO]step[3] generating...
[251227 20:55:30][root][DEBUG]step[3] parsing...
[251227 20:55:30][root][INFO]batch_errors=['COORD_NOT_FLOAT']
[251227 20:55:30][root][DEBUG]batch_idxs[4]=[0]
[251227 20:55:31][unk.src.data.tokenizer.ProteinAtomTokenizer][INFO]No unknown atoms in 2425 atoms.
[251227 20:55:31][root][INFO]small batch_idxs[4]=[0]
[251227 20:55:31][root][INFO]step[4] generating...
[251227 23:13:13][root][DEBUG]step[4] parsing...
[251227 23:13:13][root][INFO]batch_errors=['COORD_NOT_FLOAT']
[251227 23:13:13][root][DEBUG]batch_idxs[5]=[0]
[251227 23:13:13][unk.src.data.tokenizer.ProteinAtomTokenizer][INFO]No unknown atoms in 2425 atoms.
[251227 23:13:13][root][INFO]small batch_idxs[5]=[0]
[251227 23:13:13][root][INFO]step[5] generating...
