[251226 19:52:38][src.model.mamba.MambaModel][WARNING]vocs in state_dict does not match current vocs. Some weights will be permuted.
[251226 19:52:38][src.model.mamba.MambaModel][INFO]Removed from state_dict: ['#', '%', '(', ')', '+', '-', '->', '.', '/', ':', '<-', '=', '@', '@@', '@AL', '@OH', '@SP', '@TB', 'B', 'Br', 'Cl', 'I', '[', '[Ac', '[Ag', '[Al', '[Ar', '[As', '[At', '[Au', '[Ba', '[Be', '[Bi', '[Ca', '[Cd', '[Ce', '[Co', '[Cr', '[Cs', '[Cu', '[Dy', '[Er', '[Eu', '[Fe', '[Fr', '[Ga', '[Gd', '[Ge', '[H]', '[He', '[Hf', '[Hg', '[Ho', '[In', '[Ir', '[K', '[Kr', '[LIGAND]', '[La', '[Li', '[Lu', '[Mg', '[Mn', '[Mo', '[Na', '[Nb', '[Nd', '[Ne', '[Ni', '[Os', '[Pa', '[Pb', '[Pd', '[Pm', '[Po', '[Pr', '[Pt', '[Ra', '[Rb', '[Re', '[Rh', '[Rn', '[Ru', '[Sb', '[Sc', '[Se', '[Si', '[Sm', '[Sn', '[Sr', '[Ta', '[Tb', '[Tc', '[Te', '[Th', '[Ti', '[Tl', '[Tm', '[U', '[V', '[W', '[Xe', '[Y', '[Yb', '[Zn', '[Zr', '[as', '[se', '[si', '[te', '\\', ']', 'b', 'c', 'n', 'o', 'p', 's']
[251226 19:52:38][src.model.mamba.MambaModel][INFO]New in model: []
[251226 19:52:38][root][DEBUG]batch_idxs[0]=[0]
[251226 19:52:38][unk.src.data.tokenizer.ProteinAtomTokenizer][INFO]No unknown atoms in 2425 atoms.
[251226 19:52:38][root][INFO]small batch_idxs[0]=[0]
[251226 19:52:38][root][INFO]step[0] generating...
[251226 19:52:38][src.model.mamba.MambaModel][DEBUG]GPU[pred]=2.116GB
[251226 19:52:38][src.model.mamba.MambaModel][DEBUG]Lc=2427
[251226 19:55:03][root][DEBUG]step[0] parsing...
[251226 19:55:03][root][INFO]batch_errors=['COORD_MISMATCH']
[251226 19:55:03][root][DEBUG]batch_idxs[1]=[0]
[251226 19:55:03][unk.src.data.tokenizer.ProteinAtomTokenizer][INFO]No unknown atoms in 2425 atoms.
[251226 19:55:03][root][INFO]small batch_idxs[1]=[0]
[251226 19:55:03][root][INFO]step[1] generating...
[251226 19:55:03][src.model.mamba.MambaModel][DEBUG]GPU[pred]=2.116GB
[251226 19:55:03][src.model.mamba.MambaModel][DEBUG]Lc=2427
[251226 19:57:26][root][DEBUG]step[1] parsing...
[251226 19:57:26][root][INFO]batch_errors=['COORD_MISMATCH']
[251226 19:57:26][root][DEBUG]batch_idxs[2]=[0]
[251226 19:57:26][unk.src.data.tokenizer.ProteinAtomTokenizer][INFO]No unknown atoms in 2425 atoms.
[251226 19:57:26][root][INFO]small batch_idxs[2]=[0]
[251226 19:57:26][root][INFO]step[2] generating...
[251226 19:57:26][src.model.mamba.MambaModel][DEBUG]GPU[pred]=2.116GB
[251226 19:57:26][src.model.mamba.MambaModel][DEBUG]Lc=2427
[251226 20:01:23][root][DEBUG]step[2] parsing...
[251226 20:01:23][root][INFO]batch_errors=['COORD_MISMATCH']
[251226 20:01:23][root][DEBUG]batch_idxs[3]=[0]
[251226 20:01:23][unk.src.data.tokenizer.ProteinAtomTokenizer][INFO]No unknown atoms in 2425 atoms.
[251226 20:01:23][root][INFO]small batch_idxs[3]=[0]
[251226 20:01:23][root][INFO]step[3] generating...
[251226 20:01:23][src.model.mamba.MambaModel][DEBUG]GPU[pred]=2.116GB
[251226 20:01:23][src.model.mamba.MambaModel][DEBUG]Lc=2427
[251226 20:03:24][root][DEBUG]step[3] parsing...
[251226 20:03:24][root][INFO]batch_errors=['COORD_MISMATCH']
[251226 20:03:24][root][DEBUG]batch_idxs[4]=[0]
[251226 20:03:25][unk.src.data.tokenizer.ProteinAtomTokenizer][INFO]No unknown atoms in 2425 atoms.
[251226 20:03:25][root][INFO]small batch_idxs[4]=[0]
[251226 20:03:25][root][INFO]step[4] generating...
[251226 20:03:25][src.model.mamba.MambaModel][DEBUG]GPU[pred]=2.116GB
[251226 20:03:25][src.model.mamba.MambaModel][DEBUG]Lc=2427
[251226 20:06:47][root][DEBUG]step[4] parsing...
[251226 20:06:47][root][INFO]batch_errors=['COORD_SIZE']
[251226 20:06:47][root][DEBUG]batch_idxs[5]=[0]
[251226 20:06:47][unk.src.data.tokenizer.ProteinAtomTokenizer][INFO]No unknown atoms in 2425 atoms.
[251226 20:06:48][root][INFO]small batch_idxs[5]=[0]
[251226 20:06:48][root][INFO]step[5] generating...
[251226 20:06:48][src.model.mamba.MambaModel][DEBUG]GPU[pred]=2.116GB
[251226 20:06:48][src.model.mamba.MambaModel][DEBUG]Lc=2427
[251226 20:09:46][root][DEBUG]step[5] parsing...
[251226 20:09:46][root][INFO]batch_errors=['COORD_MISMATCH']
[251226 20:09:46][root][DEBUG]batch_idxs[6]=[0]
[251226 20:09:46][unk.src.data.tokenizer.ProteinAtomTokenizer][INFO]No unknown atoms in 2425 atoms.
[251226 20:09:46][root][INFO]small batch_idxs[6]=[0]
[251226 20:09:46][root][INFO]step[6] generating...
[251226 20:09:46][src.model.mamba.MambaModel][DEBUG]GPU[pred]=2.116GB
[251226 20:09:46][src.model.mamba.MambaModel][DEBUG]Lc=2427
[251226 20:14:33][root][DEBUG]step[6] parsing...
[251226 20:14:33][root][INFO]batch_errors=['COORD_MISMATCH']
[251226 20:14:33][root][DEBUG]batch_idxs[7]=[0]
[251226 20:14:33][unk.src.data.tokenizer.ProteinAtomTokenizer][INFO]No unknown atoms in 2425 atoms.
[251226 20:14:33][root][INFO]small batch_idxs[7]=[0]
[251226 20:14:33][root][INFO]step[7] generating...
[251226 20:14:33][src.model.mamba.MambaModel][DEBUG]GPU[pred]=2.116GB
[251226 20:14:33][src.model.mamba.MambaModel][DEBUG]Lc=2427
[251226 20:16:30][root][DEBUG]step[7] parsing...
[251226 20:16:30][root][INFO]batch_errors=['COORD_SIZE']
[251226 20:16:30][root][DEBUG]batch_idxs[8]=[0]
[251226 20:16:30][unk.src.data.tokenizer.ProteinAtomTokenizer][INFO]No unknown atoms in 2425 atoms.
[251226 20:16:30][root][INFO]small batch_idxs[8]=[0]
[251226 20:16:30][root][INFO]step[8] generating...
[251226 20:16:30][src.model.mamba.MambaModel][DEBUG]GPU[pred]=2.116GB
[251226 20:16:30][src.model.mamba.MambaModel][DEBUG]Lc=2427
[251226 20:18:56][root][DEBUG]step[8] parsing...
[251226 20:18:56][root][INFO]batch_errors=['COORD_MISMATCH']
[251226 20:18:56][root][DEBUG]batch_idxs[9]=[0]
[251226 20:18:57][unk.src.data.tokenizer.ProteinAtomTokenizer][INFO]No unknown atoms in 2425 atoms.
[251226 20:18:57][root][INFO]small batch_idxs[9]=[0]
[251226 20:18:57][root][INFO]step[9] generating...
[251226 20:18:57][src.model.mamba.MambaModel][DEBUG]GPU[pred]=2.116GB
[251226 20:18:57][src.model.mamba.MambaModel][DEBUG]Lc=2427
[251226 20:20:45][root][DEBUG]step[9] parsing...
[251226 20:20:45][root][INFO]batch_errors=['COORD_MISMATCH']
